18:24:03 **** Incremental Build of configuration Debug for project adc_challange ****
make all 
Building file: ../adc.c
Invoking: AVR Compiler
avr-gcc -Wall -g2 -gstabs -O0 -fpack-struct -fshort-enums -ffunction-sections -fdata-sections -std=gnu99 -funsigned-char -funsigned-bitfields -mmcu=atmega32 -DF_CPU=1000000UL -MMD -MP -MF"adc.d" -MT"adc.o" -c -o "adc.o" "../adc.c"
../adc.c: In function 'ADC_setCallBack':
../adc.c:52: warning: function return types not compatible due to 'volatile'
Finished building: ../adc.c
 
Building file: ../adc_challange.c
Invoking: AVR Compiler
avr-gcc -Wall -g2 -gstabs -O0 -fpack-struct -fshort-enums -ffunction-sections -fdata-sections -std=gnu99 -funsigned-char -funsigned-bitfields -mmcu=atmega32 -DF_CPU=1000000UL -MMD -MP -MF"adc_challange.d" -MT"adc_challange.o" -c -o "adc_challange.o" "../adc_challange.c"
../adc_challange.c: In function 'main':
../adc_challange.c:21: warning: pointer targets in passing argument 3 of 'LCD_displayStringRowColumn' differ in signedness
../adc_challange.c:23: warning: pointer targets in passing argument 1 of 'LCD_displayString' differ in signedness
Finished building: ../adc_challange.c
 
Building target: adc_challange.elf
Invoking: AVR C Linker
avr-gcc -Wl,-Map,adc_challange.map -mmcu=atmega32 -o "adc_challange.elf"  ./adc.o ./adc_challange.o ./gpio.o ./lcd.o ./lm35.o   
Finished building target: adc_challange.elf
 
Invoking: AVR Create Extended Listing
avr-objdump -h -S adc_challange.elf  >"adc_challange.lss"
Finished building: adc_challange.lss
 
Invoking: Print Size
avr-size --format=avr --mcu=atmega32 adc_challange.elf
AVR Memory Usage
----------------
Device: atmega32

Program:    9792 bytes (29.9% Full)
(.text + .data + .bootloader)

Data:        280 bytes (13.7% Full)
(.data + .bss + .noinit)


Finished building: sizedummy
 

18:24:06 Build Finished. 0 errors, 3 warnings. (took 3s.64ms)

