23:20:06 **** Incremental Build of configuration Debug for project eepromex ****
make all 
Building file: ../eepromex.c
Invoking: AVR Compiler
avr-gcc -Wall -g2 -gstabs -O0 -fpack-struct -fshort-enums -ffunction-sections -fdata-sections -std=gnu99 -funsigned-char -funsigned-bitfields -mmcu=atmega32 -DF_CPU=8000000UL -MMD -MP -MF"eepromex.d" -MT"eepromex.o" -c -o "eepromex.o" "../eepromex.c"
In file included from ../eepromex.c:4:
c:/winavr-20100110/lib/gcc/../../avr/include/util/delay.h:90:3: warning: #warning "Compiler optimizations disabled; functions from <util/delay.h> won't work as designed"
Finished building: ../eepromex.c
 
Building target: eepromex.elf
Invoking: AVR C Linker
avr-gcc -Wl,-Map,eepromex.map -mmcu=atmega32 -o "eepromex.elf"  ./eeprom.o ./eepromex.o ./gpio.o ./i2c.o   
Finished building target: eepromex.elf
 
Invoking: AVR Create Extended Listing
avr-objdump -h -S eepromex.elf  >"eepromex.lss"
Finished building: eepromex.lss
 
Invoking: Print Size
avr-size --format=avr --mcu=atmega32 eepromex.elf
AVR Memory Usage
----------------
Device: atmega32

Program:    6332 bytes (19.3% Full)
(.text + .data + .bootloader)

Data:         12 bytes (0.6% Full)
(.data + .bss + .noinit)


Finished building: sizedummy
 

23:20:07 Build Finished. 0 errors, 1 warnings. (took 1s.170ms)

