12:00:14 **** Incremental Build of configuration Debug for project Ex1 ****
make all 
Building file: ../gpio.c
Invoking: AVR Compiler
avr-gcc -Wall -g2 -gstabs -O0 -fpack-struct -fshort-enums -ffunction-sections -fdata-sections -std=gnu99 -funsigned-char -funsigned-bitfields -mmcu=atmega32 -DF_CPU=16000000UL -MMD -MP -MF"gpio.d" -MT"gpio.o" -c -o "gpio.o" "../gpio.c"
Finished building: ../gpio.c
 
Building file: ../keypad.c
Invoking: AVR Compiler
avr-gcc -Wall -g2 -gstabs -O0 -fpack-struct -fshort-enums -ffunction-sections -fdata-sections -std=gnu99 -funsigned-char -funsigned-bitfields -mmcu=atmega32 -DF_CPU=16000000UL -MMD -MP -MF"keypad.d" -MT"keypad.o" -c -o "keypad.o" "../keypad.c"
In file included from ../keypad.c:3:
c:/winavr-20100110/lib/gcc/../../avr/include/util/delay.h:90:3: warning: #warning "Compiler optimizations disabled; functions from <util/delay.h> won't work as designed"
Finished building: ../keypad.c
 
Building target: Ex1.elf
Invoking: AVR C Linker
avr-gcc -Wl,-Map,Ex1.map -mmcu=atmega32 -o "Ex1.elf"  ./Ex1.o ./gpio.o ./keypad.o   
Finished building target: Ex1.elf
 
Invoking: AVR Create Extended Listing
avr-objdump -h -S Ex1.elf  >"Ex1.lss"
Finished building: Ex1.lss
 
Create Flash image (ihex format)
avr-objcopy -R .eeprom -R .fuse -R .lock -R .signature -O ihex Ex1.elf  "Ex1.hex"
Finished building: Ex1.hex
 
Invoking: Print Size
avr-size --format=avr --mcu=atmega32 Ex1.elf
AVR Memory Usage
----------------
Device: atmega32

Program:    6550 bytes (20.0% Full)
(.text + .data + .bootloader)

Data:          8 bytes (0.4% Full)
(.data + .bss + .noinit)


Finished building: sizedummy
 

12:00:18 Build Finished. 0 errors, 1 warnings. (took 3s.674ms)

