10:47:20 **** Build of configuration Debug for project EX1Tarek ****
make all 
Building file: ../Exercise1.c
Invoking: AVR Compiler
avr-gcc -Wall -g2 -gstabs -O0 -fpack-struct -fshort-enums -ffunction-sections -fdata-sections -std=gnu99 -funsigned-char -funsigned-bitfields -mmcu=atmega32 -DF_CPU=1000000UL -MMD -MP -MF"Exercise1.d" -MT"Exercise1.o" -c -o "Exercise1.o" "../Exercise1.c"
Finished building: ../Exercise1.c
 
Building file: ../gpio.c
Invoking: AVR Compiler
avr-gcc -Wall -g2 -gstabs -O0 -fpack-struct -fshort-enums -ffunction-sections -fdata-sections -std=gnu99 -funsigned-char -funsigned-bitfields -mmcu=atmega32 -DF_CPU=1000000UL -MMD -MP -MF"gpio.d" -MT"gpio.o" -c -o "gpio.o" "../gpio.c"
Finished building: ../gpio.c
 
Building file: ../keypad.c
Invoking: AVR Compiler
avr-gcc -Wall -g2 -gstabs -O0 -fpack-struct -fshort-enums -ffunction-sections -fdata-sections -std=gnu99 -funsigned-char -funsigned-bitfields -mmcu=atmega32 -DF_CPU=1000000UL -MMD -MP -MF"keypad.d" -MT"keypad.o" -c -o "keypad.o" "../keypad.c"
In file included from ../keypad.c:14:
c:/winavr-20100110/lib/gcc/../../avr/include/util/delay.h:90:3: warning: #warning "Compiler optimizations disabled; functions from <util/delay.h> won't work as designed"
Finished building: ../keypad.c
 
Building target: EX1Tarek.elf
Invoking: AVR C Linker
avr-gcc -Wl,-Map,EX1Tarek.map -mmcu=atmega32 -o "EX1Tarek.elf"  ./Exercise1.o ./gpio.o ./keypad.o   
Finished building target: EX1Tarek.elf
 
Invoking: AVR Create Extended Listing
avr-objdump -h -S EX1Tarek.elf  >"EX1Tarek.lss"
Finished building: EX1Tarek.lss
 
Invoking: Print Size
avr-size --format=avr --mcu=atmega32 EX1Tarek.elf
AVR Memory Usage
----------------
Device: atmega32

Program:    5514 bytes (16.8% Full)
(.text + .data + .bootloader)

Data:          8 bytes (0.4% Full)
(.data + .bss + .noinit)


Finished building: sizedummy
 

10:47:24 Build Finished. 0 errors, 1 warnings. (took 4s.112ms)

