14:50:55 **** Incremental Build of configuration Debug for project Ex_ADC ****
make all 
Building file: ../Ex_ADC.c
Invoking: AVR Compiler
avr-gcc -Wall -g2 -gstabs -O0 -fpack-struct -fshort-enums -ffunction-sections -fdata-sections -std=gnu99 -funsigned-char -funsigned-bitfields -mmcu=atmega32 -DF_CPU=16000000UL -MMD -MP -MF"Ex_ADC.d" -MT"Ex_ADC.o" -c -o "Ex_ADC.o" "../Ex_ADC.c"
../Ex_ADC.c: In function 'main':
../Ex_ADC.c:15: warning: pointer targets in passing argument 1 of 'LCD_displayString' differ in signedness
Finished building: ../Ex_ADC.c
 
Building target: Ex_ADC.elf
Invoking: AVR C Linker
avr-gcc -Wl,-Map,Ex_ADC.map -mmcu=atmega32 -o "Ex_ADC.elf"  ./Ex_ADC.o ./adc.o ./gpio.o ./lcd.o   
Finished building target: Ex_ADC.elf
 
Invoking: AVR Create Extended Listing
avr-objdump -h -S Ex_ADC.elf  >"Ex_ADC.lss"
Finished building: Ex_ADC.lss
 
Create Flash image (ihex format)
avr-objcopy -R .eeprom -R .fuse -R .lock -R .signature -O ihex Ex_ADC.elf  "Ex_ADC.hex"
Finished building: Ex_ADC.hex
 
Invoking: Print Size
avr-size --format=avr --mcu=atmega32 Ex_ADC.elf
AVR Memory Usage
----------------
Device: atmega32

Program:   10398 bytes (31.7% Full)
(.text + .data + .bootloader)

Data:         22 bytes (1.1% Full)
(.data + .bss + .noinit)


Finished building: sizedummy
 

14:50:56 Build Finished. 0 errors, 1 warnings. (took 1s.481ms)

