20:25:35 **** Incremental Build of configuration Debug for project icuex2 ****
make all 
Building file: ../icuex2.c
Invoking: AVR Compiler
avr-gcc -Wall -g2 -gstabs -O0 -fpack-struct -fshort-enums -ffunction-sections -fdata-sections -std=gnu99 -funsigned-char -funsigned-bitfields -mmcu=atmega32 -DF_CPU=1000000UL -MMD -MP -MF"icuex2.d" -MT"icuex2.o" -c -o "icuex2.o" "../icuex2.c"
../icuex2.c: In function 'ICU_calcDutyCycle':
../icuex2.c:55: warning: pointer targets in passing argument 1 of 'LCD_displayString' differ in signedness
Finished building: ../icuex2.c
 
Building file: ../lcd.c
Invoking: AVR Compiler
avr-gcc -Wall -g2 -gstabs -O0 -fpack-struct -fshort-enums -ffunction-sections -fdata-sections -std=gnu99 -funsigned-char -funsigned-bitfields -mmcu=atmega32 -DF_CPU=1000000UL -MMD -MP -MF"lcd.d" -MT"lcd.o" -c -o "lcd.o" "../lcd.c"
In file included from ../lcd.c:5:
c:/winavr-20100110/lib/gcc/../../avr/include/util/delay.h:90:3: warning: #warning "Compiler optimizations disabled; functions from <util/delay.h> won't work as designed"
Finished building: ../lcd.c
 
Building target: icuex2.elf
Invoking: AVR C Linker
avr-gcc -Wl,-Map,icuex2.map -mmcu=atmega32 -o "icuex2.elf"  ./gpio.o ./icu.o ./icuex2.o ./lcd.o   
Finished building target: icuex2.elf
 
Invoking: AVR Create Extended Listing
avr-objdump -h -S icuex2.elf  >"icuex2.lss"
Finished building: icuex2.lss
 
Invoking: Print Size
avr-size --format=avr --mcu=atmega32 icuex2.elf
AVR Memory Usage
----------------
Device: atmega32

Program:   10320 bytes (31.5% Full)
(.text + .data + .bootloader)

Data:        284 bytes (13.9% Full)
(.data + .bss + .noinit)


Finished building: sizedummy
 

20:25:36 Build Finished. 0 errors, 2 warnings. (took 1s.388ms)

