19:19:46 **** Incremental Build of configuration Debug for project icuMTex1 ****
make all 
Building file: ../measure_duty_cycle.c
Invoking: AVR Compiler
avr-gcc -Wall -g2 -gstabs -O0 -fpack-struct -fshort-enums -ffunction-sections -fdata-sections -std=gnu99 -funsigned-char -funsigned-bitfields -mmcu=atmega32 -DF_CPU=1000000UL -MMD -MP -MF"measure_duty_cycle.d" -MT"measure_duty_cycle.o" -c -o "measure_duty_cycle.o" "../measure_duty_cycle.c"
Finished building: ../measure_duty_cycle.c
 
Building target: icuMTex1.elf
Invoking: AVR C Linker
avr-gcc -Wl,-Map,icuMTex1.map -mmcu=atmega32 -o "icuMTex1.elf"  ./gpio.o ./icu.o ./lcd.o ./measure_duty_cycle.o   
Finished building target: icuMTex1.elf
 
Invoking: AVR Create Extended Listing
avr-objdump -h -S icuMTex1.elf  >"icuMTex1.lss"
Finished building: icuMTex1.lss
 
Invoking: Print Size
avr-size --format=avr --mcu=atmega32 icuMTex1.elf
AVR Memory Usage
----------------
Device: atmega32

Program:    9332 bytes (28.5% Full)
(.text + .data + .bootloader)

Data:        281 bytes (13.7% Full)
(.data + .bss + .noinit)


Finished building: sizedummy
 

19:19:47 Build Finished. 0 errors, 0 warnings. (took 1s.32ms)

