16:38:18 **** Build of configuration Debug for project keypadchallenge1 ****
make all 
Building file: ../gpio.c
Invoking: AVR Compiler
avr-gcc -Wall -g2 -gstabs -O0 -fpack-struct -fshort-enums -ffunction-sections -fdata-sections -std=gnu99 -funsigned-char -funsigned-bitfields -mmcu=atmega32 -DF_CPU=1000000UL -MMD -MP -MF"gpio.d" -MT"gpio.o" -c -o "gpio.o" "../gpio.c"
Finished building: ../gpio.c
 
Building file: ../keypad.c
Invoking: AVR Compiler
avr-gcc -Wall -g2 -gstabs -O0 -fpack-struct -fshort-enums -ffunction-sections -fdata-sections -std=gnu99 -funsigned-char -funsigned-bitfields -mmcu=atmega32 -DF_CPU=1000000UL -MMD -MP -MF"keypad.d" -MT"keypad.o" -c -o "keypad.o" "../keypad.c"
In file included from ../keypad.c:3:
c:/winavr-20100110/lib/gcc/../../avr/include/util/delay.h:90:3: warning: #warning "Compiler optimizations disabled; functions from <util/delay.h> won't work as designed"
Finished building: ../keypad.c
 
Building file: ../keypadchallenge1.c
Invoking: AVR Compiler
avr-gcc -Wall -g2 -gstabs -O0 -fpack-struct -fshort-enums -ffunction-sections -fdata-sections -std=gnu99 -funsigned-char -funsigned-bitfields -mmcu=atmega32 -DF_CPU=1000000UL -MMD -MP -MF"keypadchallenge1.d" -MT"keypadchallenge1.o" -c -o "keypadchallenge1.o" "../keypadchallenge1.c"
Finished building: ../keypadchallenge1.c
 
Building file: ../sevensegment.c
Invoking: AVR Compiler
avr-gcc -Wall -g2 -gstabs -O0 -fpack-struct -fshort-enums -ffunction-sections -fdata-sections -std=gnu99 -funsigned-char -funsigned-bitfields -mmcu=atmega32 -DF_CPU=1000000UL -MMD -MP -MF"sevensegment.d" -MT"sevensegment.o" -c -o "sevensegment.o" "../sevensegment.c"
Finished building: ../sevensegment.c
 
Building target: keypadchallenge1.elf
Invoking: AVR C Linker
avr-gcc -Wl,-Map,keypadchallenge1.map -mmcu=atmega32 -o "keypadchallenge1.elf"  ./gpio.o ./keypad.o ./keypadchallenge1.o ./sevensegment.o   
Finished building target: keypadchallenge1.elf
 
Invoking: AVR Create Extended Listing
avr-objdump -h -S keypadchallenge1.elf  >"keypadchallenge1.lss"
Finished building: keypadchallenge1.lss
 
Invoking: Print Size
avr-size --format=avr --mcu=atmega32 keypadchallenge1.elf
AVR Memory Usage
----------------
Device: atmega32

Program:    7262 bytes (22.2% Full)
(.text + .data + .bootloader)

Data:          9 bytes (0.4% Full)
(.data + .bss + .noinit)


Finished building: sizedummy
 

16:38:20 Build Finished. 0 errors, 1 warnings. (took 2s.107ms)

