21:56:15 **** Incremental Build of configuration Debug for project mc1 ****
make all 
Building file: ../keypad.c
Invoking: AVR Compiler
avr-gcc -Wall -g2 -gstabs -O0 -fpack-struct -fshort-enums -ffunction-sections -fdata-sections -std=gnu99 -funsigned-char -funsigned-bitfields -mmcu=atmega32 -DF_CPU=1000000UL -MMD -MP -MF"keypad.d" -MT"keypad.o" -c -o "keypad.o" "../keypad.c"
In file included from ../keypad.c:3:
c:/winavr-20100110/lib/gcc/../../avr/include/util/delay.h:90:3: warning: #warning "Compiler optimizations disabled; functions from <util/delay.h> won't work as designed"
Finished building: ../keypad.c
 
Building file: ../mc1.c
Invoking: AVR Compiler
avr-gcc -Wall -g2 -gstabs -O0 -fpack-struct -fshort-enums -ffunction-sections -fdata-sections -std=gnu99 -funsigned-char -funsigned-bitfields -mmcu=atmega32 -DF_CPU=1000000UL -MMD -MP -MF"mc1.d" -MT"mc1.o" -c -o "mc1.o" "../mc1.c"
Finished building: ../mc1.c
 
Building target: mc1.elf
Invoking: AVR C Linker
avr-gcc -Wl,-Map,mc1.map -mmcu=atmega32 -o "mc1.elf"  ./gpio.o ./keypad.o ./mc1.o ./uart.o   
Finished building target: mc1.elf
 
Invoking: AVR Create Extended Listing
avr-objdump -h -S mc1.elf  >"mc1.lss"
Finished building: mc1.lss
 
Invoking: Print Size
avr-size --format=avr --mcu=atmega32 mc1.elf
AVR Memory Usage
----------------
Device: atmega32

Program:    6652 bytes (20.3% Full)
(.text + .data + .bootloader)

Data:          8 bytes (0.4% Full)
(.data + .bss + .noinit)


Finished building: sizedummy
 

21:56:18 Build Finished. 0 errors, 1 warnings. (took 2s.460ms)

