21:57:28 **** Incremental Build of configuration Debug for project mc2 ****
make all 
Building file: ../mc2.c
Invoking: AVR Compiler
avr-gcc -Wall -g2 -gstabs -O0 -fpack-struct -fshort-enums -ffunction-sections -fdata-sections -std=gnu99 -funsigned-char -funsigned-bitfields -mmcu=atmega32 -DF_CPU=1000000UL -MMD -MP -MF"mc2.d" -MT"mc2.o" -c -o "mc2.o" "../mc2.c"
Finished building: ../mc2.c
 
Building target: mc2.elf
Invoking: AVR C Linker
avr-gcc -Wl,-Map,mc2.map -mmcu=atmega32 -o "mc2.elf"  ./gpio.o ./mc2.o ./uart.o   
Finished building target: mc2.elf
 
Invoking: AVR Create Extended Listing
avr-objdump -h -S mc2.elf  >"mc2.lss"
Finished building: mc2.lss
 
Invoking: Print Size
avr-size --format=avr --mcu=atmega32 mc2.elf
AVR Memory Usage
----------------
Device: atmega32

Program:    2800 bytes (8.5% Full)
(.text + .data + .bootloader)

Data:          0 bytes (0.0% Full)
(.data + .bss + .noinit)


Finished building: sizedummy
 

21:57:30 Build Finished. 0 errors, 0 warnings. (took 1s.690ms)

