15:15:46 **** Incremental Build of configuration Debug for project spiex1mc2 ****
make all 
Building file: ../spiex1mc2.c
Invoking: AVR Compiler
avr-gcc -Wall -g2 -gstabs -O0 -fpack-struct -fshort-enums -ffunction-sections -fdata-sections -std=gnu99 -funsigned-char -funsigned-bitfields -mmcu=atmega32 -DF_CPU=1000000UL -MMD -MP -MF"spiex1mc2.d" -MT"spiex1mc2.o" -c -o "spiex1mc2.o" "../spiex1mc2.c"
Finished building: ../spiex1mc2.c
 
Building target: spiex1mc2.elf
Invoking: AVR C Linker
avr-gcc -Wl,-Map,spiex1mc2.map -mmcu=atmega32 -o "spiex1mc2.elf"  ./gpio.o ./lcd.o ./spi.o ./spiex1mc2.o   
Finished building target: spiex1mc2.elf
 
Invoking: AVR Create Extended Listing
avr-objdump -h -S spiex1mc2.elf  >"spiex1mc2.lss"
Finished building: spiex1mc2.lss
 
Invoking: Print Size
avr-size --format=avr --mcu=atmega32 spiex1mc2.elf
AVR Memory Usage
----------------
Device: atmega32

Program:    9234 bytes (28.2% Full)
(.text + .data + .bootloader)

Data:          8 bytes (0.4% Full)
(.data + .bss + .noinit)


Finished building: sizedummy
 

15:15:47 Build Finished. 0 errors, 0 warnings. (took 1s.27ms)

