15:14:36 **** Incremental Build of configuration Debug for project spiex1 ****
make all 
Building file: ../spi.c
Invoking: AVR Compiler
avr-gcc -Wall -g2 -gstabs -O0 -fpack-struct -fshort-enums -ffunction-sections -fdata-sections -std=gnu99 -funsigned-char -funsigned-bitfields -mmcu=atmega32 -DF_CPU=1000000UL -MMD -MP -MF"spi.d" -MT"spi.o" -c -o "spi.o" "../spi.c"
Finished building: ../spi.c
 
Building file: ../spiex1.c
Invoking: AVR Compiler
avr-gcc -Wall -g2 -gstabs -O0 -fpack-struct -fshort-enums -ffunction-sections -fdata-sections -std=gnu99 -funsigned-char -funsigned-bitfields -mmcu=atmega32 -DF_CPU=1000000UL -MMD -MP -MF"spiex1.d" -MT"spiex1.o" -c -o "spiex1.o" "../spiex1.c"
In file included from ../spiex1.c:3:
c:/winavr-20100110/lib/gcc/../../avr/include/util/delay.h:90:3: warning: #warning "Compiler optimizations disabled; functions from <util/delay.h> won't work as designed"
../spiex1.c: In function 'main':
../spiex1.c:24: warning: pointer targets in passing argument 1 of 'SPI_sendString' differ in signedness
Finished building: ../spiex1.c
 
Building target: spiex1.elf
Invoking: AVR C Linker
avr-gcc -Wl,-Map,spiex1.map -mmcu=atmega32 -o "spiex1.elf"  ./gpio.o ./spi.o ./spiex1.o   
Finished building target: spiex1.elf
 
Invoking: AVR Create Extended Listing
avr-objdump -h -S spiex1.elf  >"spiex1.lss"
Finished building: spiex1.lss
 
Invoking: Print Size
avr-size --format=avr --mcu=atmega32 spiex1.elf
AVR Memory Usage
----------------
Device: atmega32

Program:    6316 bytes (19.3% Full)
(.text + .data + .bootloader)

Data:         20 bytes (1.0% Full)
(.data + .bss + .noinit)


Finished building: sizedummy
 

15:14:37 Build Finished. 0 errors, 2 warnings. (took 1s.292ms)

