15:08:10 **** Incremental Build of configuration Debug for project uartex1 ****
make all 
Building file: ../uartex1.c
Invoking: AVR Compiler
avr-gcc -Wall -g2 -gstabs -O0 -fpack-struct -fshort-enums -ffunction-sections -fdata-sections -std=gnu99 -funsigned-char -funsigned-bitfields -mmcu=atmega32 -DF_CPU=16000000UL -MMD -MP -MF"uartex1.d" -MT"uartex1.o" -c -o "uartex1.o" "../uartex1.c"
Finished building: ../uartex1.c
 
Building target: uartex1.elf
Invoking: AVR C Linker
avr-gcc -Wl,-Map,uartex1.map -mmcu=atmega32 -o "uartex1.elf"  ./gpio.o ./lcd.o ./uart.o ./uartex1.o   
Finished building target: uartex1.elf
 
Invoking: AVR Create Extended Listing
avr-objdump -h -S uartex1.elf  >"uartex1.lss"
Finished building: uartex1.lss
 
Invoking: Print Size
avr-size --format=avr --mcu=atmega32 uartex1.elf
AVR Memory Usage
----------------
Device: atmega32

Program:   10822 bytes (33.0% Full)
(.text + .data + .bootloader)

Data:         16 bytes (0.8% Full)
(.data + .bss + .noinit)


Finished building: sizedummy
 

15:08:11 Build Finished. 0 errors, 0 warnings. (took 1s.114ms)

