19:01:03 **** Incremental Build of configuration Release for project Challenge3.2 ****
make all 
Building file: ../Challenge3.2.c
Invoking: AVR Compiler
avr-gcc -Wall -Os -fpack-struct -fshort-enums -ffunction-sections -fdata-sections -std=gnu99 -funsigned-char -funsigned-bitfields -mmcu=atmega32 -DF_CPU=16000000UL -MMD -MP -MF"Challenge3.2.d" -MT"Challenge3.2.o" -c -o "Challenge3.2.o" "../Challenge3.2.c"
Finished building: ../Challenge3.2.c
 
Building target: Challenge3.2.elf
Invoking: AVR C Linker
avr-gcc -Wl,-Map,Challenge3.2.map -mmcu=atmega32 -o "Challenge3.2.elf"  ./Challenge3.2.o   
Finished building target: Challenge3.2.elf
 
Invoking: AVR Create Extended Listing
avr-objdump -h -S Challenge3.2.elf  >"Challenge3.2.lss"
Finished building: Challenge3.2.lss
 
Create Flash image (ihex format)
avr-objcopy -R .eeprom -R .fuse -R .lock -R .signature -O ihex Challenge3.2.elf  "Challenge3.2.hex"
Finished building: Challenge3.2.hex
 
Create eeprom image (ihex format)
avr-objcopy -j .eeprom --no-change-warnings --change-section-lma .eeprom=0 -O ihex Challenge3.2.elf  "Challenge3.2.eep"
Finished building: Challenge3.2.eep
 
Invoking: Print Size
avr-size --format=avr --mcu=atmega32 Challenge3.2.elf
AVR Memory Usage
----------------
Device: atmega32

Program:     422 bytes (1.3% Full)
(.text + .data + .bootloader)

Data:          0 bytes (0.0% Full)
(.data + .bss + .noinit)


Finished building: sizedummy
 

19:01:07 Build Finished. 0 errors, 0 warnings. (took 3s.839ms)

