14:23:21 **** Build of configuration Release for project Challange.2 ****
make all 
Building file: ../Challange.2.c
Invoking: AVR Compiler
avr-gcc -Wall -Os -fpack-struct -fshort-enums -ffunction-sections -fdata-sections -std=gnu99 -funsigned-char -funsigned-bitfields -mmcu=atmega32 -DF_CPU=1000000UL -MMD -MP -MF"Challange.2.d" -MT"Challange.2.o" -c -o "Challange.2.o" "../Challange.2.c"
Finished building: ../Challange.2.c
 
Building target: Challange.2.elf
Invoking: AVR C Linker
avr-gcc -Wl,-Map,Challange.2.map -mmcu=atmega32 -o "Challange.2.elf"  ./Challange.2.o   
Finished building target: Challange.2.elf
 
Invoking: AVR Create Extended Listing
avr-objdump -h -S Challange.2.elf  >"Challange.2.lss"
Finished building: Challange.2.lss
 
Create Flash image (ihex format)
avr-objcopy -R .eeprom -R .fuse -R .lock -R .signature -O ihex Challange.2.elf  "Challange.2.hex"
Finished building: Challange.2.hex
 
Create eeprom image (ihex format)
avr-objcopy -j .eeprom --no-change-warnings --change-section-lma .eeprom=0 -O ihex Challange.2.elf  "Challange.2.eep"
Finished building: Challange.2.eep
 
Invoking: Print Size
avr-size --format=avr --mcu=atmega32 Challange.2.elf
AVR Memory Usage
----------------
Device: atmega32

Program:     206 bytes (0.6% Full)
(.text + .data + .bootloader)

Data:          0 bytes (0.0% Full)
(.data + .bss + .noinit)


Finished building: sizedummy
 

14:23:23 Build Finished. 0 errors, 0 warnings. (took 1s.749ms)

