13:27:14 **** Build of configuration Release for project Dc_Motor_Ex ****
make all 
Building file: ../Dc_Motor_Ex.c
Invoking: AVR Compiler
avr-gcc -Wall -Os -fpack-struct -fshort-enums -ffunction-sections -fdata-sections -std=gnu99 -funsigned-char -funsigned-bitfields -mmcu=atmega32 -DF_CPU=1000000UL -MMD -MP -MF"Dc_Motor_Ex.d" -MT"Dc_Motor_Ex.o" -c -o "Dc_Motor_Ex.o" "../Dc_Motor_Ex.c"
Finished building: ../Dc_Motor_Ex.c
 
Building target: Dc_Motor_Ex.elf
Invoking: AVR C Linker
avr-gcc -Wl,-Map,Dc_Motor_Ex.map -mmcu=atmega32 -o "Dc_Motor_Ex.elf"  ./Dc_Motor_Ex.o   
Finished building target: Dc_Motor_Ex.elf
 
Invoking: AVR Create Extended Listing
avr-objdump -h -S Dc_Motor_Ex.elf  >"Dc_Motor_Ex.lss"
Finished building: Dc_Motor_Ex.lss
 
Create Flash image (ihex format)
avr-objcopy -R .eeprom -R .fuse -R .lock -R .signature -O ihex Dc_Motor_Ex.elf  "Dc_Motor_Ex.hex"
Finished building: Dc_Motor_Ex.hex
 
Create eeprom image (ihex format)
avr-objcopy -j .eeprom --no-change-warnings --change-section-lma .eeprom=0 -O ihex Dc_Motor_Ex.elf  "Dc_Motor_Ex.eep"
Finished building: Dc_Motor_Ex.eep
 
Invoking: Print Size
avr-size --format=avr --mcu=atmega32 Dc_Motor_Ex.elf
AVR Memory Usage
----------------
Device: atmega32

Program:     192 bytes (0.6% Full)
(.text + .data + .bootloader)

Data:          0 bytes (0.0% Full)
(.data + .bss + .noinit)


Finished building: sizedummy
 

13:27:16 Build Finished. 0 errors, 0 warnings. (took 1s.391ms)

