07:43:58 **** Incremental Build of configuration Release for project Excersize.6 ****
make all 
Building file: ../Excersize.6.c
Invoking: AVR Compiler
avr-gcc -Wall -Os -fpack-struct -fshort-enums -ffunction-sections -fdata-sections -std=gnu99 -funsigned-char -funsigned-bitfields -mmcu=atmega32 -DF_CPU=1000000UL -MMD -MP -MF"Excersize.6.d" -MT"Excersize.6.o" -c -o "Excersize.6.o" "../Excersize.6.c"
Finished building: ../Excersize.6.c
 
Building target: Excersize.6.elf
Invoking: AVR C Linker
avr-gcc -Wl,-Map,Excersize.6.map -mmcu=atmega32 -o "Excersize.6.elf"  ./Excersize.6.o   
Finished building target: Excersize.6.elf
 
Invoking: AVR Create Extended Listing
avr-objdump -h -S Excersize.6.elf  >"Excersize.6.lss"
Finished building: Excersize.6.lss
 
Create Flash image (ihex format)
avr-objcopy -R .eeprom -R .fuse -R .lock -R .signature -O ihex Excersize.6.elf  "Excersize.6.hex"
Finished building: Excersize.6.hex
 
Create eeprom image (ihex format)
avr-objcopy -j .eeprom --no-change-warnings --change-section-lma .eeprom=0 -O ihex Excersize.6.elf  "Excersize.6.eep"
Finished building: Excersize.6.eep
 
Invoking: Print Size
avr-size --format=avr --mcu=atmega32 Excersize.6.elf
AVR Memory Usage
----------------
Device: atmega32

Program:     188 bytes (0.6% Full)
(.text + .data + .bootloader)

Data:          0 bytes (0.0% Full)
(.data + .bss + .noinit)


Finished building: sizedummy
 

07:44:00 Build Finished. 0 errors, 0 warnings. (took 1s.866ms)

