09:07:24 **** Build of configuration Release for project Excersize.2 ****
make all 
Building file: ../Excersize.2.c
Invoking: AVR Compiler
avr-gcc -Wall -Os -fpack-struct -fshort-enums -ffunction-sections -fdata-sections -std=gnu99 -funsigned-char -funsigned-bitfields -mmcu=atmega16 -DF_CPU=1000000UL -MMD -MP -MF"Excersize.2.d" -MT"Excersize.2.o" -c -o "Excersize.2.o" "../Excersize.2.c"
Finished building: ../Excersize.2.c
 
Building target: Excersize.2.elf
Invoking: AVR C Linker
avr-gcc -Wl,-Map,Excersize.2.map -mmcu=atmega16 -o "Excersize.2.elf"  ./Excersize.2.o   
Finished building target: Excersize.2.elf
 
Invoking: AVR Create Extended Listing
avr-objdump -h -S Excersize.2.elf  >"Excersize.2.lss"
Finished building: Excersize.2.lss
 
Create Flash image (ihex format)
avr-objcopy -R .eeprom -R .fuse -R .lock -R .signature -O ihex Excersize.2.elf  "Excersize.2.hex"
Finished building: Excersize.2.hex
 
Create eeprom image (ihex format)
avr-objcopy -j .eeprom --no-change-warnings --change-section-lma .eeprom=0 -O ihex Excersize.2.elf  "Excersize.2.eep"
Finished building: Excersize.2.eep
 
Invoking: Print Size
avr-size --format=avr --mcu=atmega16 Excersize.2.elf
AVR Memory Usage
----------------
Device: atmega16

Program:     144 bytes (0.9% Full)
(.text + .data + .bootloader)

Data:          0 bytes (0.0% Full)
(.data + .bss + .noinit)


Finished building: sizedummy
 

09:07:26 Build Finished. 0 errors, 0 warnings. (took 1s.233ms)

