05:24:52 **** Build of configuration Release for project Excersize.4 ****
make all 
Building file: ../Excersize.4.c
Invoking: AVR Compiler
avr-gcc -Wall -Os -fpack-struct -fshort-enums -ffunction-sections -fdata-sections -std=gnu99 -funsigned-char -funsigned-bitfields -mmcu=atmega32 -DF_CPU=1000000UL -MMD -MP -MF"Excersize.4.d" -MT"Excersize.4.o" -c -o "Excersize.4.o" "../Excersize.4.c"
Finished building: ../Excersize.4.c
 
Building target: Excersize.4.elf
Invoking: AVR C Linker
avr-gcc -Wl,-Map,Excersize.4.map -mmcu=atmega32 -o "Excersize.4.elf"  ./Excersize.4.o   
Finished building target: Excersize.4.elf
 
Invoking: AVR Create Extended Listing
avr-objdump -h -S Excersize.4.elf  >"Excersize.4.lss"
Finished building: Excersize.4.lss
 
Create Flash image (ihex format)
avr-objcopy -R .eeprom -R .fuse -R .lock -R .signature -O ihex Excersize.4.elf  "Excersize.4.hex"
Finished building: Excersize.4.hex
 
Create eeprom image (ihex format)
avr-objcopy -j .eeprom --no-change-warnings --change-section-lma .eeprom=0 -O ihex Excersize.4.elf  "Excersize.4.eep"
Finished building: Excersize.4.eep
 
Invoking: Print Size
avr-size --format=avr --mcu=atmega32 Excersize.4.elf
AVR Memory Usage
----------------
Device: atmega32

Program:     166 bytes (0.5% Full)
(.text + .data + .bootloader)

Data:          0 bytes (0.0% Full)
(.data + .bss + .noinit)


Finished building: sizedummy
 

05:24:53 Build Finished. 0 errors, 0 warnings. (took 1s.323ms)

