16:09:48 **** Incremental Build of configuration Release for project Interrupt_Ex2 ****
make all 
Building file: ../Interrupt_Ex2.c
Invoking: AVR Compiler
avr-gcc -Wall -Os -fpack-struct -fshort-enums -ffunction-sections -fdata-sections -std=gnu99 -funsigned-char -funsigned-bitfields -mmcu=atmega16 -DF_CPU=1000000UL -MMD -MP -MF"Interrupt_Ex2.d" -MT"Interrupt_Ex2.o" -c -o "Interrupt_Ex2.o" "../Interrupt_Ex2.c"
Finished building: ../Interrupt_Ex2.c
 
Building target: Interrupt_Ex2.elf
Invoking: AVR C Linker
avr-gcc -Wl,-Map,Interrupt_Ex2.map -mmcu=atmega16 -o "Interrupt_Ex2.elf"  ./Interrupt_Ex2.o   
Finished building target: Interrupt_Ex2.elf
 
Invoking: AVR Create Extended Listing
avr-objdump -h -S Interrupt_Ex2.elf  >"Interrupt_Ex2.lss"
Finished building: Interrupt_Ex2.lss
 
Create Flash image (ihex format)
avr-objcopy -R .eeprom -R .fuse -R .lock -R .signature -O ihex Interrupt_Ex2.elf  "Interrupt_Ex2.hex"
Finished building: Interrupt_Ex2.hex
 
Create eeprom image (ihex format)
avr-objcopy -j .eeprom --no-change-warnings --change-section-lma .eeprom=0 -O ihex Interrupt_Ex2.elf  "Interrupt_Ex2.eep"
Finished building: Interrupt_Ex2.eep
 
Invoking: Print Size
avr-size --format=avr --mcu=atmega16 Interrupt_Ex2.elf
AVR Memory Usage
----------------
Device: atmega16

Program:     356 bytes (2.2% Full)
(.text + .data + .bootloader)

Data:          2 bytes (0.2% Full)
(.data + .bss + .noinit)


Finished building: sizedummy
 

16:09:50 Build Finished. 0 errors, 0 warnings. (took 2s.444ms)

