15:04:50 **** Incremental Build of configuration Release for project Servo_Motor_Ex ****
make all 
Building file: ../Servo_Motor_Ex.c
Invoking: AVR Compiler
avr-gcc -Wall -Os -fpack-struct -fshort-enums -ffunction-sections -fdata-sections -std=gnu99 -funsigned-char -funsigned-bitfields -mmcu=atmega32 -DF_CPU=8000000UL -MMD -MP -MF"Servo_Motor_Ex.d" -MT"Servo_Motor_Ex.o" -c -o "Servo_Motor_Ex.o" "../Servo_Motor_Ex.c"
Finished building: ../Servo_Motor_Ex.c
 
Building target: Servo_Motor_Ex.elf
Invoking: AVR C Linker
avr-gcc -Wl,-Map,Servo_Motor_Ex.map -mmcu=atmega32 -o "Servo_Motor_Ex.elf"  ./Servo_Motor_Ex.o   
Finished building target: Servo_Motor_Ex.elf
 
Invoking: AVR Create Extended Listing
avr-objdump -h -S Servo_Motor_Ex.elf  >"Servo_Motor_Ex.lss"
Finished building: Servo_Motor_Ex.lss
 
Create Flash image (ihex format)
avr-objcopy -R .eeprom -R .fuse -R .lock -R .signature -O ihex Servo_Motor_Ex.elf  "Servo_Motor_Ex.hex"
Finished building: Servo_Motor_Ex.hex
 
Create eeprom image (ihex format)
avr-objcopy -j .eeprom --no-change-warnings --change-section-lma .eeprom=0 -O ihex Servo_Motor_Ex.elf  "Servo_Motor_Ex.eep"
Finished building: Servo_Motor_Ex.eep
 
Invoking: Print Size
avr-size --format=avr --mcu=atmega32 Servo_Motor_Ex.elf
AVR Memory Usage
----------------
Device: atmega32

Program:     278 bytes (0.8% Full)
(.text + .data + .bootloader)

Data:          0 bytes (0.0% Full)
(.data + .bss + .noinit)


Finished building: sizedummy
 

15:04:53 Build Finished. 0 errors, 0 warnings. (took 2s.959ms)

