15:00:52 **** Incremental Build of configuration Release for project Stepper_Motor_Ex1 ****
make all 
Building file: ../Dc_Motor_Ex3.c
Invoking: AVR Compiler
avr-gcc -Wall -Os -fpack-struct -fshort-enums -ffunction-sections -fdata-sections -std=gnu99 -funsigned-char -funsigned-bitfields -mmcu=atmega32 -DF_CPU=1000000UL -MMD -MP -MF"Dc_Motor_Ex3.d" -MT"Dc_Motor_Ex3.o" -c -o "Dc_Motor_Ex3.o" "../Dc_Motor_Ex3.c"
Finished building: ../Dc_Motor_Ex3.c
 
Building target: Stepper_Motor_Ex1.elf
Invoking: AVR C Linker
avr-gcc -Wl,-Map,Stepper_Motor_Ex1.map -mmcu=atmega32 -o "Stepper_Motor_Ex1.elf"  ./Dc_Motor_Ex3.o   
Finished building target: Stepper_Motor_Ex1.elf
 
Invoking: AVR Create Extended Listing
avr-objdump -h -S Stepper_Motor_Ex1.elf  >"Stepper_Motor_Ex1.lss"
Finished building: Stepper_Motor_Ex1.lss
 
Create Flash image (ihex format)
avr-objcopy -R .eeprom -R .fuse -R .lock -R .signature -O ihex Stepper_Motor_Ex1.elf  "Stepper_Motor_Ex1.hex"
Finished building: Stepper_Motor_Ex1.hex
 
Create eeprom image (ihex format)
avr-objcopy -j .eeprom --no-change-warnings --change-section-lma .eeprom=0 -O ihex Stepper_Motor_Ex1.elf  "Stepper_Motor_Ex1.eep"
Finished building: Stepper_Motor_Ex1.eep
 
Invoking: Print Size
avr-size --format=avr --mcu=atmega32 Stepper_Motor_Ex1.elf
AVR Memory Usage
----------------
Device: atmega32

Program:     222 bytes (0.7% Full)
(.text + .data + .bootloader)

Data:          0 bytes (0.0% Full)
(.data + .bss + .noinit)


Finished building: sizedummy
 

15:00:56 Build Finished. 0 errors, 0 warnings. (took 4s.331ms)

