15:16:04 **** Build of configuration Release for project Stepper_Motor_Ex2 ****
make all 
Building file: ../Stepper_Motor_Ex2.c
Invoking: AVR Compiler
avr-gcc -Wall -Os -fpack-struct -fshort-enums -ffunction-sections -fdata-sections -std=gnu99 -funsigned-char -funsigned-bitfields -mmcu=atmega32 -DF_CPU=1000000UL -MMD -MP -MF"Stepper_Motor_Ex2.d" -MT"Stepper_Motor_Ex2.o" -c -o "Stepper_Motor_Ex2.o" "../Stepper_Motor_Ex2.c"
Finished building: ../Stepper_Motor_Ex2.c
 
Building target: Stepper_Motor_Ex2.elf
Invoking: AVR C Linker
avr-gcc -Wl,-Map,Stepper_Motor_Ex2.map -mmcu=atmega32 -o "Stepper_Motor_Ex2.elf"  ./Stepper_Motor_Ex2.o   
Finished building target: Stepper_Motor_Ex2.elf
 
Invoking: AVR Create Extended Listing
avr-objdump -h -S Stepper_Motor_Ex2.elf  >"Stepper_Motor_Ex2.lss"
Finished building: Stepper_Motor_Ex2.lss
 
Create Flash image (ihex format)
avr-objcopy -R .eeprom -R .fuse -R .lock -R .signature -O ihex Stepper_Motor_Ex2.elf  "Stepper_Motor_Ex2.hex"
Finished building: Stepper_Motor_Ex2.hex
 
Create eeprom image (ihex format)
avr-objcopy -j .eeprom --no-change-warnings --change-section-lma .eeprom=0 -O ihex Stepper_Motor_Ex2.elf  "Stepper_Motor_Ex2.eep"
Finished building: Stepper_Motor_Ex2.eep
 
Invoking: Print Size
avr-size --format=avr --mcu=atmega32 Stepper_Motor_Ex2.elf
AVR Memory Usage
----------------
Device: atmega32

Program:     274 bytes (0.8% Full)
(.text + .data + .bootloader)

Data:          0 bytes (0.0% Full)
(.data + .bss + .noinit)


Finished building: sizedummy
 

15:16:08 Build Finished. 0 errors, 0 warnings. (took 4s.342ms)

