14:41:35 **** Incremental Build of configuration Release for project Timer_Challenge4 ****
make all 
Building file: ../Timer_Challenge4.c
Invoking: AVR Compiler
avr-gcc -Wall -Os -fpack-struct -fshort-enums -ffunction-sections -fdata-sections -std=gnu99 -funsigned-char -funsigned-bitfields -mmcu=atmega32 -DF_CPU=8000000UL -MMD -MP -MF"Timer_Challenge4.d" -MT"Timer_Challenge4.o" -c -o "Timer_Challenge4.o" "../Timer_Challenge4.c"
Finished building: ../Timer_Challenge4.c
 
Building target: Timer_Challenge4.elf
Invoking: AVR C Linker
avr-gcc -Wl,-Map,Timer_Challenge4.map -mmcu=atmega32 -o "Timer_Challenge4.elf"  ./Timer_Challenge4.o   
Finished building target: Timer_Challenge4.elf
 
Invoking: AVR Create Extended Listing
avr-objdump -h -S Timer_Challenge4.elf  >"Timer_Challenge4.lss"
Finished building: Timer_Challenge4.lss
 
Create Flash image (ihex format)
avr-objcopy -R .eeprom -R .fuse -R .lock -R .signature -O ihex Timer_Challenge4.elf  "Timer_Challenge4.hex"
Finished building: Timer_Challenge4.hex
 
Create eeprom image (ihex format)
avr-objcopy -j .eeprom --no-change-warnings --change-section-lma .eeprom=0 -O ihex Timer_Challenge4.elf  "Timer_Challenge4.eep"
Finished building: Timer_Challenge4.eep
 
Invoking: Print Size
avr-size --format=avr --mcu=atmega32 Timer_Challenge4.elf
AVR Memory Usage
----------------
Device: atmega32

Program:     314 bytes (1.0% Full)
(.text + .data + .bootloader)

Data:          2 bytes (0.1% Full)
(.data + .bss + .noinit)


Finished building: sizedummy
 

14:41:38 Build Finished. 0 errors, 0 warnings. (took 2s.943ms)

