16:41:03 **** Incremental Build of configuration Release for project Timer_Ex5 ****
make all 
Building file: ../Timer_Ex5.c
Invoking: AVR Compiler
avr-gcc -Wall -Os -fpack-struct -fshort-enums -ffunction-sections -fdata-sections -std=gnu99 -funsigned-char -funsigned-bitfields -mmcu=atmega32 -DF_CPU=1000000UL -MMD -MP -MF"Timer_Ex5.d" -MT"Timer_Ex5.o" -c -o "Timer_Ex5.o" "../Timer_Ex5.c"
Finished building: ../Timer_Ex5.c
 
Building target: Timer_Ex5.elf
Invoking: AVR C Linker
avr-gcc -Wl,-Map,Timer_Ex5.map -mmcu=atmega32 -o "Timer_Ex5.elf"  ./Timer_Ex5.o   
Finished building target: Timer_Ex5.elf
 
Invoking: AVR Create Extended Listing
avr-objdump -h -S Timer_Ex5.elf  >"Timer_Ex5.lss"
Finished building: Timer_Ex5.lss
 
Create Flash image (ihex format)
avr-objcopy -R .eeprom -R .fuse -R .lock -R .signature -O ihex Timer_Ex5.elf  "Timer_Ex5.hex"
Finished building: Timer_Ex5.hex
 
Create eeprom image (ihex format)
avr-objcopy -j .eeprom --no-change-warnings --change-section-lma .eeprom=0 -O ihex Timer_Ex5.elf  "Timer_Ex5.eep"
Finished building: Timer_Ex5.eep
 
Invoking: Print Size
avr-size --format=avr --mcu=atmega32 Timer_Ex5.elf
AVR Memory Usage
----------------
Device: atmega32

Program:     138 bytes (0.4% Full)
(.text + .data + .bootloader)

Data:          0 bytes (0.0% Full)
(.data + .bss + .noinit)


Finished building: sizedummy
 

16:41:05 Build Finished. 0 errors, 0 warnings. (took 2s.232ms)

