17:27:32 **** Incremental Build of configuration Release for project Timer_Challange1.1 ****
make all 
Building file: ../Timer_Challange1.1.c
Invoking: AVR Compiler
avr-gcc -Wall -Os -fpack-struct -fshort-enums -ffunction-sections -fdata-sections -std=gnu99 -funsigned-char -funsigned-bitfields -mmcu=atmega32 -DF_CPU=8000000UL -MMD -MP -MF"Timer_Challange1.1.d" -MT"Timer_Challange1.1.o" -c -o "Timer_Challange1.1.o" "../Timer_Challange1.1.c"
Finished building: ../Timer_Challange1.1.c
 
Building file: ../gpio.c
Invoking: AVR Compiler
avr-gcc -Wall -Os -fpack-struct -fshort-enums -ffunction-sections -fdata-sections -std=gnu99 -funsigned-char -funsigned-bitfields -mmcu=atmega32 -DF_CPU=8000000UL -MMD -MP -MF"gpio.d" -MT"gpio.o" -c -o "gpio.o" "../gpio.c"
../gpio.c: In function 'GPIO_readPort':
../gpio.c:534: warning: 'a_portValue' may be used uninitialized in this function
Finished building: ../gpio.c
 
Building file: ../sevensegment.c
Invoking: AVR Compiler
avr-gcc -Wall -Os -fpack-struct -fshort-enums -ffunction-sections -fdata-sections -std=gnu99 -funsigned-char -funsigned-bitfields -mmcu=atmega32 -DF_CPU=8000000UL -MMD -MP -MF"sevensegment.d" -MT"sevensegment.o" -c -o "sevensegment.o" "../sevensegment.c"
Finished building: ../sevensegment.c
 
Building target: Timer_Challange1.1.elf
Invoking: AVR C Linker
avr-gcc -Wl,-Map,Timer_Challange1.1.map -mmcu=atmega32 -o "Timer_Challange1.1.elf"  ./Timer_Challange1.1.o ./gpio.o ./sevensegment.o   
Finished building target: Timer_Challange1.1.elf
 
Invoking: AVR Create Extended Listing
avr-objdump -h -S Timer_Challange1.1.elf  >"Timer_Challange1.1.lss"
Finished building: Timer_Challange1.1.lss
 
Create Flash image (ihex format)
avr-objcopy -R .eeprom -R .fuse -R .lock -R .signature -O ihex Timer_Challange1.1.elf  "Timer_Challange1.1.hex"
Finished building: Timer_Challange1.1.hex
 
Create eeprom image (ihex format)
avr-objcopy -j .eeprom --no-change-warnings --change-section-lma .eeprom=0 -O ihex Timer_Challange1.1.elf  "Timer_Challange1.1.eep"
Finished building: Timer_Challange1.1.eep
 
Invoking: Print Size
avr-size --format=avr --mcu=atmega32 Timer_Challange1.1.elf
AVR Memory Usage
----------------
Device: atmega32

Program:    1248 bytes (3.8% Full)
(.text + .data + .bootloader)

Data:          3 bytes (0.1% Full)
(.data + .bss + .noinit)


Finished building: sizedummy
 

17:27:35 Build Finished. 0 errors, 1 warnings. (took 3s.266ms)

