17:18:59 **** Incremental Build of configuration Release for project Timer_Ex1 ****
make all 
Building file: ../Timer_Ex1.c
Invoking: AVR Compiler
avr-gcc -Wall -Os -fpack-struct -fshort-enums -ffunction-sections -fdata-sections -std=gnu99 -funsigned-char -funsigned-bitfields -mmcu=atmega32 -DF_CPU=1000000UL -MMD -MP -MF"Timer_Ex1.d" -MT"Timer_Ex1.o" -c -o "Timer_Ex1.o" "../Timer_Ex1.c"
Finished building: ../Timer_Ex1.c
 
Building target: Timer_Ex1.elf
Invoking: AVR C Linker
avr-gcc -Wl,-Map,Timer_Ex1.map -mmcu=atmega32 -o "Timer_Ex1.elf"  ./Timer_Ex1.o   
Finished building target: Timer_Ex1.elf
 
Invoking: AVR Create Extended Listing
avr-objdump -h -S Timer_Ex1.elf  >"Timer_Ex1.lss"
Finished building: Timer_Ex1.lss
 
Create Flash image (ihex format)
avr-objcopy -R .eeprom -R .fuse -R .lock -R .signature -O ihex Timer_Ex1.elf  "Timer_Ex1.hex"
Finished building: Timer_Ex1.hex
 
Create eeprom image (ihex format)
avr-objcopy -j .eeprom --no-change-warnings --change-section-lma .eeprom=0 -O ihex Timer_Ex1.elf  "Timer_Ex1.eep"
Finished building: Timer_Ex1.eep
 
Invoking: Print Size
avr-size --format=avr --mcu=atmega32 Timer_Ex1.elf
AVR Memory Usage
----------------
Device: atmega32

Program:     200 bytes (0.6% Full)
(.text + .data + .bootloader)

Data:          1 bytes (0.0% Full)
(.data + .bss + .noinit)


Finished building: sizedummy
 

17:19:01 Build Finished. 0 errors, 0 warnings. (took 1s.298ms)

