18:31:57 **** Build of configuration Release for project Timer_Ex2 ****
make all 
Building file: ../Timer_Ex2.c
Invoking: AVR Compiler
avr-gcc -Wall -Os -fpack-struct -fshort-enums -ffunction-sections -fdata-sections -std=gnu99 -funsigned-char -funsigned-bitfields -mmcu=atmega32 -DF_CPU=1000000UL -MMD -MP -MF"Timer_Ex2.d" -MT"Timer_Ex2.o" -c -o "Timer_Ex2.o" "../Timer_Ex2.c"
Finished building: ../Timer_Ex2.c
 
Building target: Timer_Ex2.elf
Invoking: AVR C Linker
avr-gcc -Wl,-Map,Timer_Ex2.map -mmcu=atmega32 -o "Timer_Ex2.elf"  ./Timer_Ex2.o   
Finished building target: Timer_Ex2.elf
 
Invoking: AVR Create Extended Listing
avr-objdump -h -S Timer_Ex2.elf  >"Timer_Ex2.lss"
Finished building: Timer_Ex2.lss
 
Create Flash image (ihex format)
avr-objcopy -R .eeprom -R .fuse -R .lock -R .signature -O ihex Timer_Ex2.elf  "Timer_Ex2.hex"
Finished building: Timer_Ex2.hex
 
Create eeprom image (ihex format)
avr-objcopy -j .eeprom --no-change-warnings --change-section-lma .eeprom=0 -O ihex Timer_Ex2.elf  "Timer_Ex2.eep"
Finished building: Timer_Ex2.eep
 
Invoking: Print Size
avr-size --format=avr --mcu=atmega32 Timer_Ex2.elf
AVR Memory Usage
----------------
Device: atmega32

Program:     212 bytes (0.6% Full)
(.text + .data + .bootloader)

Data:          1 bytes (0.0% Full)
(.data + .bss + .noinit)


Finished building: sizedummy
 

18:31:59 Build Finished. 0 errors, 0 warnings. (took 2s.135ms)

