19:24:37 **** Incremental Build of configuration Release for project WatchDogTimer_Ex1 ****
make all 
Building file: ../WatchDogTimer_Ex1.c
Invoking: AVR Compiler
avr-gcc -Wall -Os -fpack-struct -fshort-enums -ffunction-sections -fdata-sections -std=gnu99 -funsigned-char -funsigned-bitfields -mmcu=atmega32 -DF_CPU=1000000UL -MMD -MP -MF"WatchDogTimer_Ex1.d" -MT"WatchDogTimer_Ex1.o" -c -o "WatchDogTimer_Ex1.o" "../WatchDogTimer_Ex1.c"
Finished building: ../WatchDogTimer_Ex1.c
 
Building target: WatchDogTimer_Ex1.elf
Invoking: AVR C Linker
avr-gcc -Wl,-Map,WatchDogTimer_Ex1.map -mmcu=atmega32 -o "WatchDogTimer_Ex1.elf"  ./WatchDogTimer_Ex1.o   
Finished building target: WatchDogTimer_Ex1.elf
 
Invoking: AVR Create Extended Listing
avr-objdump -h -S WatchDogTimer_Ex1.elf  >"WatchDogTimer_Ex1.lss"
Finished building: WatchDogTimer_Ex1.lss
 
Create Flash image (ihex format)
avr-objcopy -R .eeprom -R .fuse -R .lock -R .signature -O ihex WatchDogTimer_Ex1.elf  "WatchDogTimer_Ex1.hex"
Finished building: WatchDogTimer_Ex1.hex
 
Create eeprom image (ihex format)
avr-objcopy -j .eeprom --no-change-warnings --change-section-lma .eeprom=0 -O ihex WatchDogTimer_Ex1.elf  "WatchDogTimer_Ex1.eep"
Finished building: WatchDogTimer_Ex1.eep
 
Invoking: Print Size
avr-size --format=avr --mcu=atmega32 WatchDogTimer_Ex1.elf
AVR Memory Usage
----------------
Device: atmega32

Program:     162 bytes (0.5% Full)
(.text + .data + .bootloader)

Data:          0 bytes (0.0% Full)
(.data + .bss + .noinit)


Finished building: sizedummy
 

19:24:39 Build Finished. 0 errors, 0 warnings. (took 2s.287ms)

